<?xml version="1.0" encoding="UTF-8"?>
<testsuite xmlns:xsi="http://www.w3.org/2001/XMLSchema-instance" xsi:noNamespaceSchemaLocation="https://maven.apache.org/surefire/maven-surefire-plugin/xsd/surefire-test-report.xsd" name="com.stone.Demo2ApplicationTests" time="6.089" tests="6" errors="0" skipped="0" failures="0">
  <properties>
    <property name="sun.desktop" value="windows"/>
    <property name="awt.toolkit" value="sun.awt.windows.WToolkit"/>
    <property name="java.specification.version" value="11"/>
    <property name="sun.cpu.isalist" value="amd64"/>
    <property name="sun.jnu.encoding" value="GBK"/>
    <property name="java.class.path" value="E:\stone\ideaWorkSpace\demo2\target\test-classes;E:\stone\ideaWorkSpace\demo2\target\classes;E:\stone\repo\org\springframework\boot\spring-boot-starter\2.1.15.RELEASE\spring-boot-starter-2.1.15.RELEASE.jar;E:\stone\repo\org\springframework\boot\spring-boot\2.1.15.RELEASE\spring-boot-2.1.15.RELEASE.jar;E:\stone\repo\org\springframework\spring-context\5.1.16.RELEASE\spring-context-5.1.16.RELEASE.jar;E:\stone\repo\org\springframework\boot\spring-boot-autoconfigure\2.1.15.RELEASE\spring-boot-autoconfigure-2.1.15.RELEASE.jar;E:\stone\repo\org\springframework\boot\spring-boot-starter-logging\2.1.15.RELEASE\spring-boot-starter-logging-2.1.15.RELEASE.jar;E:\stone\repo\ch\qos\logback\logback-classic\1.2.3\logback-classic-1.2.3.jar;E:\stone\repo\ch\qos\logback\logback-core\1.2.3\logback-core-1.2.3.jar;E:\stone\repo\org\apache\logging\log4j\log4j-to-slf4j\2.11.2\log4j-to-slf4j-2.11.2.jar;E:\stone\repo\org\apache\logging\log4j\log4j-api\2.11.2\log4j-api-2.11.2.jar;E:\stone\repo\org\slf4j\jul-to-slf4j\1.7.30\jul-to-slf4j-1.7.30.jar;E:\stone\repo\javax\annotation\javax.annotation-api\1.3.2\javax.annotation-api-1.3.2.jar;E:\stone\repo\org\springframework\spring-core\5.1.16.RELEASE\spring-core-5.1.16.RELEASE.jar;E:\stone\repo\org\springframework\spring-jcl\5.1.16.RELEASE\spring-jcl-5.1.16.RELEASE.jar;E:\stone\repo\org\yaml\snakeyaml\1.23\snakeyaml-1.23.jar;E:\stone\repo\org\springframework\boot\spring-boot-starter-test\2.1.15.RELEASE\spring-boot-starter-test-2.1.15.RELEASE.jar;E:\stone\repo\org\springframework\boot\spring-boot-test\2.1.15.RELEASE\spring-boot-test-2.1.15.RELEASE.jar;E:\stone\repo\org\springframework\boot\spring-boot-test-autoconfigure\2.1.15.RELEASE\spring-boot-test-autoconfigure-2.1.15.RELEASE.jar;E:\stone\repo\com\jayway\jsonpath\json-path\2.4.0\json-path-2.4.0.jar;E:\stone\repo\net\minidev\json-smart\2.3\json-smart-2.3.jar;E:\stone\repo\net\minidev\accessors-smart\1.2\accessors-smart-1.2.jar;E:\stone\repo\org\ow2\asm\asm\5.0.4\asm-5.0.4.jar;E:\stone\repo\junit\junit\4.12\junit-4.12.jar;E:\stone\repo\org\assertj\assertj-core\3.11.1\assertj-core-3.11.1.jar;E:\stone\repo\org\mockito\mockito-core\2.23.4\mockito-core-2.23.4.jar;E:\stone\repo\net\bytebuddy\byte-buddy\1.9.16\byte-buddy-1.9.16.jar;E:\stone\repo\net\bytebuddy\byte-buddy-agent\1.9.16\byte-buddy-agent-1.9.16.jar;E:\stone\repo\org\objenesis\objenesis\2.6\objenesis-2.6.jar;E:\stone\repo\org\hamcrest\hamcrest-core\1.3\hamcrest-core-1.3.jar;E:\stone\repo\org\hamcrest\hamcrest-library\1.3\hamcrest-library-1.3.jar;E:\stone\repo\org\skyscreamer\jsonassert\1.5.0\jsonassert-1.5.0.jar;E:\stone\repo\com\vaadin\external\google\android-json\0.0.20131108.vaadin1\android-json-0.0.20131108.vaadin1.jar;E:\stone\repo\org\springframework\spring-test\5.1.16.RELEASE\spring-test-5.1.16.RELEASE.jar;E:\stone\repo\org\xmlunit\xmlunit-core\2.6.4\xmlunit-core-2.6.4.jar;E:\stone\repo\javax\xml\bind\jaxb-api\2.3.1\jaxb-api-2.3.1.jar;E:\stone\repo\javax\activation\javax.activation-api\1.2.0\javax.activation-api-1.2.0.jar;E:\stone\repo\org\springframework\boot\spring-boot-starter-web\2.1.15.RELEASE\spring-boot-starter-web-2.1.15.RELEASE.jar;E:\stone\repo\org\springframework\boot\spring-boot-starter-json\2.1.15.RELEASE\spring-boot-starter-json-2.1.15.RELEASE.jar;E:\stone\repo\com\fasterxml\jackson\core\jackson-databind\2.9.10.4\jackson-databind-2.9.10.4.jar;E:\stone\repo\com\fasterxml\jackson\core\jackson-annotations\2.9.10\jackson-annotations-2.9.10.jar;E:\stone\repo\com\fasterxml\jackson\core\jackson-core\2.9.10\jackson-core-2.9.10.jar;E:\stone\repo\com\fasterxml\jackson\datatype\jackson-datatype-jdk8\2.9.10\jackson-datatype-jdk8-2.9.10.jar;E:\stone\repo\com\fasterxml\jackson\datatype\jackson-datatype-jsr310\2.9.10\jackson-datatype-jsr310-2.9.10.jar;E:\stone\repo\com\fasterxml\jackson\module\jackson-module-parameter-names\2.9.10\jackson-module-parameter-names-2.9.10.jar;E:\stone\repo\org\hibernate\validator\hibernate-validator\6.0.20.Final\hibernate-validator-6.0.20.Final.jar;E:\stone\repo\javax\validation\validation-api\2.0.1.Final\validation-api-2.0.1.Final.jar;E:\stone\repo\org\jboss\logging\jboss-logging\3.3.3.Final\jboss-logging-3.3.3.Final.jar;E:\stone\repo\com\fasterxml\classmate\1.4.0\classmate-1.4.0.jar;E:\stone\repo\org\springframework\spring-web\5.1.16.RELEASE\spring-web-5.1.16.RELEASE.jar;E:\stone\repo\org\springframework\spring-beans\5.1.16.RELEASE\spring-beans-5.1.16.RELEASE.jar;E:\stone\repo\org\springframework\spring-webmvc\5.1.16.RELEASE\spring-webmvc-5.1.16.RELEASE.jar;E:\stone\repo\org\springframework\spring-expression\5.1.16.RELEASE\spring-expression-5.1.16.RELEASE.jar;E:\stone\repo\mysql\mysql-connector-java\5.1.39\mysql-connector-java-5.1.39.jar;E:\stone\repo\org\springframework\boot\spring-boot-starter-aop\2.1.15.RELEASE\spring-boot-starter-aop-2.1.15.RELEASE.jar;E:\stone\repo\org\springframework\spring-aop\5.1.16.RELEASE\spring-aop-5.1.16.RELEASE.jar;E:\stone\repo\org\aspectj\aspectjweaver\1.9.5\aspectjweaver-1.9.5.jar;E:\stone\repo\org\springframework\boot\spring-boot-starter-jdbc\2.1.15.RELEASE\spring-boot-starter-jdbc-2.1.15.RELEASE.jar;E:\stone\repo\com\zaxxer\HikariCP\3.2.0\HikariCP-3.2.0.jar;E:\stone\repo\org\springframework\spring-jdbc\5.1.16.RELEASE\spring-jdbc-5.1.16.RELEASE.jar;E:\stone\repo\org\springframework\spring-tx\5.1.16.RELEASE\spring-tx-5.1.16.RELEASE.jar;E:\stone\repo\org\mybatis\spring\boot\mybatis-spring-boot-starter\1.1.1\mybatis-spring-boot-starter-1.1.1.jar;E:\stone\repo\org\mybatis\spring\boot\mybatis-spring-boot-autoconfigure\1.1.1\mybatis-spring-boot-autoconfigure-1.1.1.jar;E:\stone\repo\org\mybatis\mybatis\3.4.0\mybatis-3.4.0.jar;E:\stone\repo\org\mybatis\mybatis-spring\1.3.0\mybatis-spring-1.3.0.jar;E:\stone\repo\jstl\jstl\1.2\jstl-1.2.jar;E:\stone\repo\taglibs\standard\1.1.2\standard-1.1.2.jar;E:\stone\repo\javax\servlet\javax.servlet-api\4.0.1\javax.servlet-api-4.0.1.jar;E:\stone\repo\javax\servlet\jstl\1.2\jstl-1.2.jar;E:\stone\repo\org\springframework\boot\spring-boot-starter-tomcat\2.1.15.RELEASE\spring-boot-starter-tomcat-2.1.15.RELEASE.jar;E:\stone\repo\org\apache\tomcat\embed\tomcat-embed-core\9.0.36\tomcat-embed-core-9.0.36.jar;E:\stone\repo\org\apache\tomcat\embed\tomcat-embed-el\9.0.36\tomcat-embed-el-9.0.36.jar;E:\stone\repo\org\apache\tomcat\embed\tomcat-embed-websocket\9.0.36\tomcat-embed-websocket-9.0.36.jar;E:\stone\repo\org\apache\tomcat\embed\tomcat-embed-jasper\9.0.36\tomcat-embed-jasper-9.0.36.jar;E:\stone\repo\org\eclipse\jdt\ecj\3.18.0\ecj-3.18.0.jar;E:\stone\repo\org\springframework\boot\spring-boot-starter-thymeleaf\2.1.15.RELEASE\spring-boot-starter-thymeleaf-2.1.15.RELEASE.jar;E:\stone\repo\org\thymeleaf\thymeleaf-spring5\3.0.11.RELEASE\thymeleaf-spring5-3.0.11.RELEASE.jar;E:\stone\repo\org\thymeleaf\thymeleaf\3.0.11.RELEASE\thymeleaf-3.0.11.RELEASE.jar;E:\stone\repo\org\attoparser\attoparser\2.0.5.RELEASE\attoparser-2.0.5.RELEASE.jar;E:\stone\repo\org\unbescape\unbescape\1.1.6.RELEASE\unbescape-1.1.6.RELEASE.jar;E:\stone\repo\org\thymeleaf\extras\thymeleaf-extras-java8time\3.0.4.RELEASE\thymeleaf-extras-java8time-3.0.4.RELEASE.jar;E:\stone\repo\org\springframework\boot\spring-boot-configuration-processor\2.1.15.RELEASE\spring-boot-configuration-processor-2.1.15.RELEASE.jar;E:\stone\repo\org\webjars\jquery\3.3.1\jquery-3.3.1.jar;E:\stone\repo\commons-io\commons-io\2.4\commons-io-2.4.jar;E:\stone\repo\commons-fileupload\commons-fileupload\1.3.1\commons-fileupload-1.3.1.jar;E:\stone\repo\com\alibaba\fastjson\1.2.58\fastjson-1.2.58.jar;E:\stone\repo\log4j\log4j\1.2.17\log4j-1.2.17.jar;E:\stone\repo\com\alibaba\druid\1.1.10\druid-1.1.10.jar;E:\stone\repo\org\apache\zookeeper\zookeeper\3.4.8\zookeeper-3.4.8.jar;E:\stone\repo\org\slf4j\slf4j-api\1.7.30\slf4j-api-1.7.30.jar;E:\stone\repo\org\slf4j\slf4j-log4j12\1.7.30\slf4j-log4j12-1.7.30.jar;E:\stone\repo\jline\jline\0.9.94\jline-0.9.94.jar;E:\stone\repo\io\netty\netty\3.7.0.Final\netty-3.7.0.Final.jar;E:\stone\repo\com\alibaba\dubbo\2.5.3\dubbo-2.5.3.jar;E:\stone\repo\org\javassist\javassist\3.15.0-GA\javassist-3.15.0-GA.jar;E:\stone\repo\org\jboss\netty\netty\3.2.5.Final\netty-3.2.5.Final.jar;"/>
    <property name="java.vm.vendor" value="JetBrains s.r.o"/>
    <property name="sun.arch.data.model" value="64"/>
    <property name="user.variant" value=""/>
    <property name="java.vendor.url" value="https://www.jetbrains.com/"/>
    <property name="user.timezone" value="Asia/Shanghai"/>
    <property name="java.vm.specification.version" value="11"/>
    <property name="os.name" value="Windows 10"/>
    <property name="sun.java.launcher" value="SUN_STANDARD"/>
    <property name="user.country" value="CN"/>
    <property name="sun.boot.library.path" value="E:\stone\idea2019\idea2019安装包\IntelliJ IDEA 2019.3\jbr\bin"/>
    <property name="sun.java.command" value="C:\Users\ADMINI~1\AppData\Local\Temp\surefire14992271938670647095\surefirebooter7011310555900677780.jar C:\Users\Administrator\AppData\Local\Temp\surefire14992271938670647095 2020-08-03T09-53-11_679-jvmRun1 surefire7918648941420754765tmp surefire_03137747247406038684tmp"/>
    <property name="jdk.debug" value="release"/>
    <property name="surefire.test.class.path" value="E:\stone\ideaWorkSpace\demo2\target\test-classes;E:\stone\ideaWorkSpace\demo2\target\classes;E:\stone\repo\org\springframework\boot\spring-boot-starter\2.1.15.RELEASE\spring-boot-starter-2.1.15.RELEASE.jar;E:\stone\repo\org\springframework\boot\spring-boot\2.1.15.RELEASE\spring-boot-2.1.15.RELEASE.jar;E:\stone\repo\org\springframework\spring-context\5.1.16.RELEASE\spring-context-5.1.16.RELEASE.jar;E:\stone\repo\org\springframework\boot\spring-boot-autoconfigure\2.1.15.RELEASE\spring-boot-autoconfigure-2.1.15.RELEASE.jar;E:\stone\repo\org\springframework\boot\spring-boot-starter-logging\2.1.15.RELEASE\spring-boot-starter-logging-2.1.15.RELEASE.jar;E:\stone\repo\ch\qos\logback\logback-classic\1.2.3\logback-classic-1.2.3.jar;E:\stone\repo\ch\qos\logback\logback-core\1.2.3\logback-core-1.2.3.jar;E:\stone\repo\org\apache\logging\log4j\log4j-to-slf4j\2.11.2\log4j-to-slf4j-2.11.2.jar;E:\stone\repo\org\apache\logging\log4j\log4j-api\2.11.2\log4j-api-2.11.2.jar;E:\stone\repo\org\slf4j\jul-to-slf4j\1.7.30\jul-to-slf4j-1.7.30.jar;E:\stone\repo\javax\annotation\javax.annotation-api\1.3.2\javax.annotation-api-1.3.2.jar;E:\stone\repo\org\springframework\spring-core\5.1.16.RELEASE\spring-core-5.1.16.RELEASE.jar;E:\stone\repo\org\springframework\spring-jcl\5.1.16.RELEASE\spring-jcl-5.1.16.RELEASE.jar;E:\stone\repo\org\yaml\snakeyaml\1.23\snakeyaml-1.23.jar;E:\stone\repo\org\springframework\boot\spring-boot-starter-test\2.1.15.RELEASE\spring-boot-starter-test-2.1.15.RELEASE.jar;E:\stone\repo\org\springframework\boot\spring-boot-test\2.1.15.RELEASE\spring-boot-test-2.1.15.RELEASE.jar;E:\stone\repo\org\springframework\boot\spring-boot-test-autoconfigure\2.1.15.RELEASE\spring-boot-test-autoconfigure-2.1.15.RELEASE.jar;E:\stone\repo\com\jayway\jsonpath\json-path\2.4.0\json-path-2.4.0.jar;E:\stone\repo\net\minidev\json-smart\2.3\json-smart-2.3.jar;E:\stone\repo\net\minidev\accessors-smart\1.2\accessors-smart-1.2.jar;E:\stone\repo\org\ow2\asm\asm\5.0.4\asm-5.0.4.jar;E:\stone\repo\junit\junit\4.12\junit-4.12.jar;E:\stone\repo\org\assertj\assertj-core\3.11.1\assertj-core-3.11.1.jar;E:\stone\repo\org\mockito\mockito-core\2.23.4\mockito-core-2.23.4.jar;E:\stone\repo\net\bytebuddy\byte-buddy\1.9.16\byte-buddy-1.9.16.jar;E:\stone\repo\net\bytebuddy\byte-buddy-agent\1.9.16\byte-buddy-agent-1.9.16.jar;E:\stone\repo\org\objenesis\objenesis\2.6\objenesis-2.6.jar;E:\stone\repo\org\hamcrest\hamcrest-core\1.3\hamcrest-core-1.3.jar;E:\stone\repo\org\hamcrest\hamcrest-library\1.3\hamcrest-library-1.3.jar;E:\stone\repo\org\skyscreamer\jsonassert\1.5.0\jsonassert-1.5.0.jar;E:\stone\repo\com\vaadin\external\google\android-json\0.0.20131108.vaadin1\android-json-0.0.20131108.vaadin1.jar;E:\stone\repo\org\springframework\spring-test\5.1.16.RELEASE\spring-test-5.1.16.RELEASE.jar;E:\stone\repo\org\xmlunit\xmlunit-core\2.6.4\xmlunit-core-2.6.4.jar;E:\stone\repo\javax\xml\bind\jaxb-api\2.3.1\jaxb-api-2.3.1.jar;E:\stone\repo\javax\activation\javax.activation-api\1.2.0\javax.activation-api-1.2.0.jar;E:\stone\repo\org\springframework\boot\spring-boot-starter-web\2.1.15.RELEASE\spring-boot-starter-web-2.1.15.RELEASE.jar;E:\stone\repo\org\springframework\boot\spring-boot-starter-json\2.1.15.RELEASE\spring-boot-starter-json-2.1.15.RELEASE.jar;E:\stone\repo\com\fasterxml\jackson\core\jackson-databind\2.9.10.4\jackson-databind-2.9.10.4.jar;E:\stone\repo\com\fasterxml\jackson\core\jackson-annotations\2.9.10\jackson-annotations-2.9.10.jar;E:\stone\repo\com\fasterxml\jackson\core\jackson-core\2.9.10\jackson-core-2.9.10.jar;E:\stone\repo\com\fasterxml\jackson\datatype\jackson-datatype-jdk8\2.9.10\jackson-datatype-jdk8-2.9.10.jar;E:\stone\repo\com\fasterxml\jackson\datatype\jackson-datatype-jsr310\2.9.10\jackson-datatype-jsr310-2.9.10.jar;E:\stone\repo\com\fasterxml\jackson\module\jackson-module-parameter-names\2.9.10\jackson-module-parameter-names-2.9.10.jar;E:\stone\repo\org\hibernate\validator\hibernate-validator\6.0.20.Final\hibernate-validator-6.0.20.Final.jar;E:\stone\repo\javax\validation\validation-api\2.0.1.Final\validation-api-2.0.1.Final.jar;E:\stone\repo\org\jboss\logging\jboss-logging\3.3.3.Final\jboss-logging-3.3.3.Final.jar;E:\stone\repo\com\fasterxml\classmate\1.4.0\classmate-1.4.0.jar;E:\stone\repo\org\springframework\spring-web\5.1.16.RELEASE\spring-web-5.1.16.RELEASE.jar;E:\stone\repo\org\springframework\spring-beans\5.1.16.RELEASE\spring-beans-5.1.16.RELEASE.jar;E:\stone\repo\org\springframework\spring-webmvc\5.1.16.RELEASE\spring-webmvc-5.1.16.RELEASE.jar;E:\stone\repo\org\springframework\spring-expression\5.1.16.RELEASE\spring-expression-5.1.16.RELEASE.jar;E:\stone\repo\mysql\mysql-connector-java\5.1.39\mysql-connector-java-5.1.39.jar;E:\stone\repo\org\springframework\boot\spring-boot-starter-aop\2.1.15.RELEASE\spring-boot-starter-aop-2.1.15.RELEASE.jar;E:\stone\repo\org\springframework\spring-aop\5.1.16.RELEASE\spring-aop-5.1.16.RELEASE.jar;E:\stone\repo\org\aspectj\aspectjweaver\1.9.5\aspectjweaver-1.9.5.jar;E:\stone\repo\org\springframework\boot\spring-boot-starter-jdbc\2.1.15.RELEASE\spring-boot-starter-jdbc-2.1.15.RELEASE.jar;E:\stone\repo\com\zaxxer\HikariCP\3.2.0\HikariCP-3.2.0.jar;E:\stone\repo\org\springframework\spring-jdbc\5.1.16.RELEASE\spring-jdbc-5.1.16.RELEASE.jar;E:\stone\repo\org\springframework\spring-tx\5.1.16.RELEASE\spring-tx-5.1.16.RELEASE.jar;E:\stone\repo\org\mybatis\spring\boot\mybatis-spring-boot-starter\1.1.1\mybatis-spring-boot-starter-1.1.1.jar;E:\stone\repo\org\mybatis\spring\boot\mybatis-spring-boot-autoconfigure\1.1.1\mybatis-spring-boot-autoconfigure-1.1.1.jar;E:\stone\repo\org\mybatis\mybatis\3.4.0\mybatis-3.4.0.jar;E:\stone\repo\org\mybatis\mybatis-spring\1.3.0\mybatis-spring-1.3.0.jar;E:\stone\repo\jstl\jstl\1.2\jstl-1.2.jar;E:\stone\repo\taglibs\standard\1.1.2\standard-1.1.2.jar;E:\stone\repo\javax\servlet\javax.servlet-api\4.0.1\javax.servlet-api-4.0.1.jar;E:\stone\repo\javax\servlet\jstl\1.2\jstl-1.2.jar;E:\stone\repo\org\springframework\boot\spring-boot-starter-tomcat\2.1.15.RELEASE\spring-boot-starter-tomcat-2.1.15.RELEASE.jar;E:\stone\repo\org\apache\tomcat\embed\tomcat-embed-core\9.0.36\tomcat-embed-core-9.0.36.jar;E:\stone\repo\org\apache\tomcat\embed\tomcat-embed-el\9.0.36\tomcat-embed-el-9.0.36.jar;E:\stone\repo\org\apache\tomcat\embed\tomcat-embed-websocket\9.0.36\tomcat-embed-websocket-9.0.36.jar;E:\stone\repo\org\apache\tomcat\embed\tomcat-embed-jasper\9.0.36\tomcat-embed-jasper-9.0.36.jar;E:\stone\repo\org\eclipse\jdt\ecj\3.18.0\ecj-3.18.0.jar;E:\stone\repo\org\springframework\boot\spring-boot-starter-thymeleaf\2.1.15.RELEASE\spring-boot-starter-thymeleaf-2.1.15.RELEASE.jar;E:\stone\repo\org\thymeleaf\thymeleaf-spring5\3.0.11.RELEASE\thymeleaf-spring5-3.0.11.RELEASE.jar;E:\stone\repo\org\thymeleaf\thymeleaf\3.0.11.RELEASE\thymeleaf-3.0.11.RELEASE.jar;E:\stone\repo\org\attoparser\attoparser\2.0.5.RELEASE\attoparser-2.0.5.RELEASE.jar;E:\stone\repo\org\unbescape\unbescape\1.1.6.RELEASE\unbescape-1.1.6.RELEASE.jar;E:\stone\repo\org\thymeleaf\extras\thymeleaf-extras-java8time\3.0.4.RELEASE\thymeleaf-extras-java8time-3.0.4.RELEASE.jar;E:\stone\repo\org\springframework\boot\spring-boot-configuration-processor\2.1.15.RELEASE\spring-boot-configuration-processor-2.1.15.RELEASE.jar;E:\stone\repo\org\webjars\jquery\3.3.1\jquery-3.3.1.jar;E:\stone\repo\commons-io\commons-io\2.4\commons-io-2.4.jar;E:\stone\repo\commons-fileupload\commons-fileupload\1.3.1\commons-fileupload-1.3.1.jar;E:\stone\repo\com\alibaba\fastjson\1.2.58\fastjson-1.2.58.jar;E:\stone\repo\log4j\log4j\1.2.17\log4j-1.2.17.jar;E:\stone\repo\com\alibaba\druid\1.1.10\druid-1.1.10.jar;E:\stone\repo\org\apache\zookeeper\zookeeper\3.4.8\zookeeper-3.4.8.jar;E:\stone\repo\org\slf4j\slf4j-api\1.7.30\slf4j-api-1.7.30.jar;E:\stone\repo\org\slf4j\slf4j-log4j12\1.7.30\slf4j-log4j12-1.7.30.jar;E:\stone\repo\jline\jline\0.9.94\jline-0.9.94.jar;E:\stone\repo\io\netty\netty\3.7.0.Final\netty-3.7.0.Final.jar;E:\stone\repo\com\alibaba\dubbo\2.5.3\dubbo-2.5.3.jar;E:\stone\repo\org\javassist\javassist\3.15.0-GA\javassist-3.15.0-GA.jar;E:\stone\repo\org\jboss\netty\netty\3.2.5.Final\netty-3.2.5.Final.jar;"/>
    <property name="sun.cpu.endian" value="little"/>
    <property name="user.home" value="C:\Users\Administrator"/>
    <property name="user.language" value="zh"/>
    <property name="java.specification.vendor" value="Oracle Corporation"/>
    <property name="java.version.date" value="2019-07-16"/>
    <property name="java.home" value="E:\stone\idea2019\idea2019安装包\IntelliJ IDEA 2019.3\jbr"/>
    <property name="file.separator" value="\"/>
    <property name="basedir" value="E:\stone\ideaWorkSpace\demo2"/>
    <property name="java.vm.compressedOopsMode" value="32-bit"/>
    <property name="line.separator" value="&#10;"/>
    <property name="java.specification.name" value="Java Platform API Specification"/>
    <property name="java.vm.specification.vendor" value="Oracle Corporation"/>
    <property name="java.awt.graphicsenv" value="sun.awt.Win32GraphicsEnvironment"/>
    <property name="surefire.real.class.path" value="C:\Users\ADMINI~1\AppData\Local\Temp\surefire14992271938670647095\surefirebooter7011310555900677780.jar"/>
    <property name="user.script" value=""/>
    <property name="sun.management.compiler" value="HotSpot 64-Bit Tiered Compilers"/>
    <property name="java.runtime.version" value="11.0.4+10-b520.11"/>
    <property name="user.name" value="Administrator"/>
    <property name="path.separator" value=";"/>
    <property name="os.version" value="10.0"/>
    <property name="java.runtime.name" value="OpenJDK Runtime Environment"/>
    <property name="file.encoding" value="GBK"/>
    <property name="java.vm.name" value="OpenJDK 64-Bit Server VM"/>
    <property name="localRepository" value="E:\stone\repo"/>
    <property name="java.vendor.url.bug" value="https://youtrack.jetbrains.com"/>
    <property name="java.io.tmpdir" value="C:\Users\ADMINI~1\AppData\Local\Temp\"/>
    <property name="java.version" value="11.0.4"/>
    <property name="user.dir" value="E:\stone\ideaWorkSpace\demo2"/>
    <property name="os.arch" value="amd64"/>
    <property name="java.vm.specification.name" value="Java Virtual Machine Specification"/>
    <property name="java.awt.printerjob" value="sun.awt.windows.WPrinterJob"/>
    <property name="sun.os.patch.level" value=""/>
    <property name="java.library.path" value="E:\stone\idea2019\idea2019安装包\IntelliJ IDEA 2019.3\jbr\bin;C:\WINDOWS\Sun\Java\bin;C:\WINDOWS\system32;C:\WINDOWS;C:\ProgramData\Oracle\Java\javapath;C:\WINDOWS\system32;C:\WINDOWS;C:\WINDOWS\System32\Wbem;C:\WINDOWS\System32\WindowsPowerShell\v1.0\;C:\WINDOWS\System32\OpenSSH\;&quot;E:\stone\jdk\jdkInstallPackage\bin;E:\stone\jdk\jdkInstallPackage\jre\bin;&quot;;E:\stone\mysql\bin;C:\Users\Administrator\AppData\Local\Microsoft\WindowsApps;;."/>
    <property name="java.vendor" value="JetBrains s.r.o"/>
    <property name="java.vm.info" value="mixed mode, sharing"/>
    <property name="java.vm.version" value="11.0.4+10-b520.11"/>
    <property name="idea.version2019.3" value="true"/>
    <property name="sun.io.unicode.encoding" value="UnicodeLittle"/>
    <property name="java.class.version" value="55.0"/>
  </properties>
  <testcase name="testTwo" classname="com.stone.Demo2ApplicationTests" time="0.431"/>
  <testcase name="testEnum" classname="com.stone.Demo2ApplicationTests" time="0.001"/>
  <testcase name="test3" classname="com.stone.Demo2ApplicationTests" time="0"/>
  <testcase name="testConfBean" classname="com.stone.Demo2ApplicationTests" time="0.205"/>
  <testcase name="contextLoads" classname="com.stone.Demo2ApplicationTests" time="0.003"/>
  <testcase name="testBingDingErrors" classname="com.stone.Demo2ApplicationTests" time="0.434"/>
</testsuite>